[33mWARN[0m /data/shared/485/docker-compose.yml: `version` is obsolete 
[33mWARN[0m Service "account-api" won't be created because 'ports' is not specified 
[33mWARN[0m File don't exist or failed to check if the directory is empty: stat /data/shared/485/data/account-api-mongo: no such file or directory 
[33mWARN[0m Volume mount on the host "/data/shared/485/data/account-api-mongo" isn't supported - ignoring path on the host 
[33mWARN[0m Service "asset-management-api" won't be created because 'ports' is not specified 
[33mWARN[0m File don't exist or failed to check if the directory is empty: stat /data/shared/485/data/asset-management-api-mysql: no such file or directory 
[33mWARN[0m Volume mount on the host "/data/shared/485/data/asset-management-api-mysql" isn't supported - ignoring path on the host 
[33mWARN[0m File don't exist or failed to check if the directory is empty: stat /data/shared/485/config-files: no such file or directory 
[33mWARN[0m Volume mount on the host "/data/shared/485/config-files" isn't supported - ignoring path on the host 
[33mWARN[0m File don't exist or failed to check if the directory is empty: stat /data/shared/485/data/grafana: no such file or directory 
[33mWARN[0m Volume mount on the host "/data/shared/485/data/grafana" isn't supported - ignoring path on the host 
[33mWARN[0m Service "notification-api" won't be created because 'ports' is not specified 
[33mWARN[0m File don't exist or failed to check if the directory is empty: stat /data/shared/485/prometheus-configuration.yml: no such file or directory 
[33mWARN[0m Volume mount on the host "/data/shared/485/prometheus-configuration.yml" isn't supported - ignoring path on the host 
[33mWARN[0m Service "transaction-api" won't be created because 'ports' is not specified 
[33mWARN[0m File don't exist or failed to check if the directory is empty: stat /data/shared/485/data/transaction-api-postgres: no such file or directory 
[33mWARN[0m Volume mount on the host "/data/shared/485/data/transaction-api-postgres" isn't supported - ignoring path on the host 
[36mINFO[0m Kubernetes file "485-kompose/account-api-mongo-service.yaml" created 
[36mINFO[0m Kubernetes file "485-kompose/api-gateway-service.yaml" created 
[36mINFO[0m Kubernetes file "485-kompose/asset-management-api-mysql-service.yaml" created 
[36mINFO[0m Kubernetes file "485-kompose/config-server-service.yaml" created 
[36mINFO[0m Kubernetes file "485-kompose/discovery-server-service.yaml" created 
[36mINFO[0m Kubernetes file "485-kompose/grafana-service.yaml" created 
[36mINFO[0m Kubernetes file "485-kompose/notification-api-kafka-service.yaml" created 
[36mINFO[0m Kubernetes file "485-kompose/prometheus-service.yaml" created 
[36mINFO[0m Kubernetes file "485-kompose/redis-service.yaml" created 
[36mINFO[0m Kubernetes file "485-kompose/transaction-api-postgres-service.yaml" created 
[36mINFO[0m Kubernetes file "485-kompose/zipkin-service.yaml" created 
[36mINFO[0m Kubernetes file "485-kompose/account-api-pod.yaml" created 
[36mINFO[0m Kubernetes file "485-kompose/account-api-mongo-deployment.yaml" created 
[36mINFO[0m Kubernetes file "485-kompose/account-api-mongo-claim0-persistentvolumeclaim.yaml" created 
[36mINFO[0m Kubernetes file "485-kompose/api-gateway-pod.yaml" created 
[36mINFO[0m Kubernetes file "485-kompose/asset-management-api-pod.yaml" created 
[36mINFO[0m Kubernetes file "485-kompose/asset-management-api-mysql-deployment.yaml" created 
[36mINFO[0m Kubernetes file "485-kompose/asset-management-api-mysql-claim0-persistentvolumeclaim.yaml" created 
[36mINFO[0m Kubernetes file "485-kompose/config-server-deployment.yaml" created 
[36mINFO[0m Kubernetes file "485-kompose/config-server-claim0-persistentvolumeclaim.yaml" created 
[36mINFO[0m Kubernetes file "485-kompose/discovery-server-pod.yaml" created 
[36mINFO[0m Kubernetes file "485-kompose/grafana-deployment.yaml" created 
[36mINFO[0m Kubernetes file "485-kompose/grafana-claim0-persistentvolumeclaim.yaml" created 
[36mINFO[0m Kubernetes file "485-kompose/notification-api-pod.yaml" created 
[36mINFO[0m Kubernetes file "485-kompose/notification-api-kafka-deployment.yaml" created 
[36mINFO[0m Kubernetes file "485-kompose/prometheus-deployment.yaml" created 
[36mINFO[0m Kubernetes file "485-kompose/prometheus-claim0-persistentvolumeclaim.yaml" created 
[36mINFO[0m Kubernetes file "485-kompose/redis-deployment.yaml" created 
[36mINFO[0m Kubernetes file "485-kompose/transaction-api-pod.yaml" created 
[36mINFO[0m Kubernetes file "485-kompose/transaction-api-postgres-deployment.yaml" created 
[36mINFO[0m Kubernetes file "485-kompose/transaction-api-postgres-claim0-persistentvolumeclaim.yaml" created 
[36mINFO[0m Kubernetes file "485-kompose/zipkin-deployment.yaml" created 
